Log file open, 02/23/15 12:47:13
LogInit:Display: Running engine for game: Project_Restart
LogInit: Version: 4.5.1-2336687+++depot+UE4-Releases+4.5
LogInit: API Version: 2326478
LogInit: Compiled (64-bit): Oct 21 2014 22:32:40
LogInit: Compiled with Visual C++: 18.00.21005.01
LogInit: Build Configuration: Development
LogInit: Branch Name: ++depot+UE4-Releases+4.5
LogInit: Command line:  
LogInit: Base directory: C:/Program Files/Unreal Engine/4.5/Engine/Binaries/Win64/
LogInit: Rocket: 1
[2015.02.23-11.47.13:239][  0]LogTaskGraph: Started task graph with 3 named threads and 4 total threads.
[2015.02.23-11.47.13:282][  0]LogOnline:Warning: No default platform service specified for OnlineSubsystem
[2015.02.23-11.47.13:329][  0]LogInit: Presizing for 0 objects not considered by GC, pre-allocating 0 bytes.
[2015.02.23-11.47.13:340][  0]LogInit: Object subsystem initialized
[2015.02.23-11.47.13:343][  0]LogConsoleResponse:Warning: Skipping Unknown console variable: 'UIScaleRule = ShortestSide'
[2015.02.23-11.47.13:343][  0]LogConsoleResponse:Warning:   Found in ini file 'H:/Unreal Projects/Project_Restart/Saved/Config/Windows/Engine.ini', in section '[/Script/Engine.RendererSettings]'
[2015.02.23-11.47.13:343][  0]LogConsoleResponse:Warning: Skipping Unknown console variable: 'UIScaleCurve = (EditorCurveData=(Keys=((Time=480.000000,Value=0.444000),(Time=720.000000,Value=0.666000),(Time=1080.000000,Value=1.000000),(Time=8640.000000,Value=8.000000))),ExternalCurve=None)'
[2015.02.23-11.47.13:343][  0]LogConsoleResponse:Warning:   Found in ini file 'H:/Unreal Projects/Project_Restart/Saved/Config/Windows/Engine.ini', in section '[/Script/Engine.RendererSettings]'
[2015.02.23-11.47.13:344][  0]LogInit: Selected Device Profile: [Windows]
[2015.02.23-11.47.13:344][  0]LogInit: Applying CVar settings loaded from the selected device profile: [Windows]
[2015.02.23-11.47.13:352][  0]LogInit: Computer: HKB-PC
[2015.02.23-11.47.13:352][  0]LogInit: User: haithem
[2015.02.23-11.47.13:353][  0]LogInit: CPU Page size=4096, Cores=4
[2015.02.23-11.47.13:353][  0]LogInit: High frequency timer resolution =2.143566 MHz
[2015.02.23-11.47.13:353][  0]LogMemory: Memory total: Physical=20.0GB (20GB approx) Virtual=131072.0GB
[2015.02.23-11.47.13:354][  0]LogMemory: Platform Memory Stats for Windows
[2015.02.23-11.47.13:354][  0]LogMemory: Process Physical Memory: 63.16 MB used, 63.16 MB peak
[2015.02.23-11.47.13:354][  0]LogMemory: Process Virtual Memory: 38.58 MB used, 38.58 MB peak
[2015.02.23-11.47.13:354][  0]LogMemory: Physical Memory: 4758.38 MB used, 20457.13 MB total
[2015.02.23-11.47.13:354][  0]LogMemory: Virtual Memory: 281.05 MB used, 134217728.00 MB total
[2015.02.23-11.47.13:390][  0]LogD3D11RHI: Found D3D11 adapter 0: NVIDIA GeForce GTX 560M (Feature Level 11_0)
[2015.02.23-11.47.13:390][  0]LogD3D11RHI: Adapter has 1994MB of dedicated video memory, 0MB of dedicated system memory, and 2047MB of shared system memory, 2 output[s]
[2015.02.23-11.47.13:392][  0]LogD3D11RHI: Found D3D11 adapter 1: Microsoft Basic Render Driver (Feature Level 11_0)
[2015.02.23-11.47.13:392][  0]LogD3D11RHI: Adapter has 0MB of dedicated video memory, 0MB of dedicated system memory, and 256MB of shared system memory, 0 output[s]
[2015.02.23-11.47.13:392][  0]LogD3D11RHI: Chosen D3D11 Adapter Id = 0
[2015.02.23-11.47.13:397][  0]LogRHI: Texture pool is 1361 MB (70% of 1945 MB)
[2015.02.23-11.47.13:416][  0]LogD3D11RHI: Async texture creation enabled
[2015.02.23-11.47.13:478][  0]LogTextLocalizationManager: The requested culture ('fr_FR') has no localization data; falling back to 'en' for localization and internationalization data.
[2015.02.23-11.47.13:653][  0]LogContentStreaming: Texture pool size is 0.000000MB
[2015.02.23-11.47.18:919][  0]LogTargetPlatformManager:Display: Building Assets For Windows
[2015.02.23-11.47.19:495][  0]LogTargetPlatformManager:Display: Building Assets For Windows
[2015.02.23-11.47.19:596][  0]LogDerivedDataCache:Display: Max Cache Size: 512 MB
[2015.02.23-11.47.19:641][  0]LogDerivedDataCache: Loaded boot cache 0.04s 39MB C:/Users/haithem/AppData/Local/UnrealEngine/4.5/DerivedDataCache/Boot.ddc.
[2015.02.23-11.47.19:641][  0]LogDerivedDataCache:Display: Loaded Boot cache: C:/Users/haithem/AppData/Local/UnrealEngine/4.5/DerivedDataCache/Boot.ddc
[2015.02.23-11.47.19:641][  0]LogDerivedDataCache: FDerivedDataBackendGraph:  Pak pak cache file H:/Unreal Projects/Project_Restart/DerivedDataCache/DDC.ddp not found, will not use a pak cache.
[2015.02.23-11.47.19:641][  0]LogDerivedDataCache: Unable to find inner node Pak for hierarchical cache Hierarchy.
[2015.02.23-11.47.19:711][  0]LogDerivedDataCache:Display: Pak cache opened for reading ../../../Engine/DerivedDataCache/DDC.ddp.
[2015.02.23-11.47.19:725][  0]LogDerivedDataCache: Using Local data cache path C:/Users/haithem/AppData/Local/UnrealEngine/Common/DerivedDataCache: Writable
[2015.02.23-11.47.19:998][  0]LogMeshUtilities: No automatic mesh reduction module available
[2015.02.23-11.47.19:998][  0]LogMeshUtilities: No automatic mesh merging module available
[2015.02.23-11.47.20:309][  0]LogLinker:Warning: Asset '../../../Engine/Content/Functions/Engine_MaterialFunctions02/Texturing/FlipBook.uasset' has been saved with empty engine version. The asset will be loaded but may be incompatible.
[2015.02.23-11.47.20:314][  0]LogLinker:Warning: Asset '../../../Engine/Content/Functions/Engine_MaterialFunctions02/ExampleContent/Textures/flipbook.uasset' has been saved with empty engine version. The asset will be loaded but may be incompatible.
[2015.02.23-11.47.20:607][  0]LogInit: WinSock: version 1.1 (2.2), MaxSocks=32767, MaxUdp=65467
[2015.02.23-11.47.21:930][  0]UdpMessaging: Initializing bridge on interface 0.0.0.0:0 to multicast group 230.0.0.1:6666.
[2015.02.23-11.47.22:245][  0]LogDirectoryWatcher:Warning: Failed to begin reading directory changes for H:/Unreal Projects/Project_Restart/Binaries/Win64. Error: 0
[2015.02.23-11.47.22:505][  0]LogSourceControl: RunCommandInternalRaw: 'git version'
[2015.02.23-11.47.22:525][  0]SourceControl: Info Source control is disabled
[2015.02.23-11.47.22:525][  0]SourceControl: Info Source control is disabled
[2015.02.23-11.47.22:525][  0]SourceControl: Info Source control is disabled
[2015.02.23-11.47.22:544][  0]SourceControl: Info Source control is disabled
[2015.02.23-11.47.22:808][  0]LogObj: 22915 objects as part of root set at end of initial load.
[2015.02.23-11.47.22:808][  0]LogUObjectAllocator: 4803544 out of 0 bytes used by permanent object pool.
[2015.02.23-11.47.22:895][  0]LogEngine: Initializing Engine...
[2015.02.23-11.47.23:066][  0]LogInit: XAudio2 using 'Haut-parleurs (Realtek High Definition Audio)' : 2 channels at 48 kHz using 32 bits per sample (channel mask 0x3)
[2015.02.23-11.47.23:076][  0]LogInit: FAudioDevice initialized.
[2015.02.23-11.47.23:122][  0]LogAIModule: Creating AISystem for world NewWorld
[2015.02.23-11.47.23:145][  0]LogDerivedDataCache: Saved boot cache 0.02s 39MB C:/Users/haithem/AppData/Local/UnrealEngine/4.5/DerivedDataCache/Boot.ddc.
[2015.02.23-11.47.23:151][  0]LogInit: Texture streaming: Enabled
[2015.02.23-11.47.23:249][  0]LogInit: Transaction tracking system initialized
[2015.02.23-11.47.23:465][  0]BlueprintLog: New page: Editor Load
[2015.02.23-11.47.23:519][  0]LogAssetRegistry: FAssetRegistry took 0.0105 seconds to start up
[2015.02.23-11.47.23:520][  0]LogDirectoryWatcher:Warning: Failed to begin reading directory changes for ../../../Engine/Plugins/Experimental/CharacterAI/Content/. Error: 0
[2015.02.23-11.47.24:201][  0]LogTargetPlatformManager:Display: Building Assets For Windows
[2015.02.23-11.47.24:576][  0]LogTargetPlatformManager:Display: Building Assets For Windows
[2015.02.23-11.47.25:037][  0]LogConsoleResponse:Display: 
[2015.02.23-11.47.25:418][  0]SourceControl: Info Source control is disabled
[2015.02.23-11.47.25:418][  0]Cmd: MAP LOAD FILE="H:/Unreal Projects/Project_Restart/Content/Maps/Example_Map.umap" TEMPLATE=0 SHOWPROGRESS=1
[2015.02.23-11.47.25:418][  0]LightingResults: New page: Lighting Build
[2015.02.23-11.47.25:440][  0]MapCheck: New page: Map Check
[2015.02.23-11.47.25:440][  0]LightingResults: New page: Lighting Build
[2015.02.23-11.47.25:456][  0]LogParticles: Destroying 0 GPU particle simulations for FXSystem 0x00000070380298A0
[2015.02.23-11.47.25:755][  0]LogEditorServer: Finished looking for orphan Actors (0.000 secs)
[2015.02.23-11.47.25:755][  0]LogAIModule: Creating AISystem for world Example_Map
[2015.02.23-11.47.25:755][  0]Cmd: MAP CHECKDEP
[2015.02.23-11.47.25:755][  0]MapCheck: New page: Example_Map - Feb 23, 2015, 1:47:25 PM
[2015.02.23-11.47.25:976][  0]MapCheck: Info Map check complete: 0 Error(s), 0 Warning(s), took 221.027ms to complete.
[2015.02.23-11.47.25:976][  0]LogFileHelpers: Loading map 'Example_Map' took 0.559
[2015.02.23-11.47.26:080][  0]LogCollectionManager: Loaded 0 collections in 0.001625 seconds
[2015.02.23-11.47.26:250][  0]LogCrashTracker: Crashtracker disabled due to settings.
[2015.02.23-11.47.26:279][  0]LogUObjectGlobals:Warning: Failed to find object 'Class None.'
[2015.02.23-11.47.26:309][  0]LogLoad: Full Startup: 14.86 seconds (BP compile: 0.07 seconds)
[2015.02.23-11.47.26:332][  0]LogContentBrowser:Verbose: The content browser source was changed by the sources view to '/Game/StarterContent/Props'
[2015.02.23-11.47.26:536][  0]LogRenderer:Warning: Reallocating scene render targets to support 536x592.
[2015.02.23-11.47.26:793][  3]LogAssetRegistry: Asset discovery search completed in 3.2848 seconds
[2015.02.23-11.47.43:209][936]LogSourceControl: RunCommandInternalRaw: 'git version'
[2015.02.23-11.47.50:742][353]SourceControl:Error: Error You should check out a working copy into your project directory.
[2015.02.23-11.47.50:742][353]SourceControl:Error: Error Project is not part of a Git working copy.
[2015.02.23-11.48.12:021][612]LogSourceControl: RunCommandInternalRaw: 'git version'
[2015.02.23-11.48.13:199][648]LogSourceControl: RunCommandInternalRaw: 'git version'
[2015.02.23-11.49.09:532][893]LogSourceControl: RunCommandInternalRaw: 'git version'
[2015.02.23-11.49.09:669][901]SourceControl: Info Source control is disabled
[2015.02.23-11.49.13:782][140]LogSourceControl: RunCommandInternalRaw: 'git version'
[2015.02.23-11.49.38:356][360]SourceControl:Error: Error You should check out a working copy into your project directory.
[2015.02.23-11.49.38:356][360]SourceControl:Error: Error Project is not part of a Git working copy.
[2015.02.23-11.52.11:693][633]LogSourceControl: RunCommandInternalRaw: 'git status'
[2015.02.23-11.52.11:729][635]LogSourceControl: RunCommandInternalRaw: 'git rev-parse --abbrev-ref HEAD'
[2015.02.23-11.52.12:064][655]SourceControl: Info master
[2015.02.23-11.52.42:314][ 34]Cmd: QUIT_EDITOR
[2015.02.23-11.52.42:656][ 34]LogExit: Preparing to exit.
[2015.02.23-11.52.43:123][ 34]LogExit: Editor shut down
[2015.02.23-11.52.43:124][ 34]LogExit: Transaction tracking system shut down
[2015.02.23-11.52.43:125][ 34]LogParticles: Destroying 0 GPU particle simulations for FXSystem 0x0000007030EB3380
[2015.02.23-11.52.43:146][ 34]LogParticles: Destroying 0 GPU particle simulations for FXSystem 0x000000703CFC6020
[2015.02.23-11.52.43:146][ 34]LogExit: Object subsystem successfully closed.
[2015.02.23-11.52.43:259][ 34]LogModuleManager: Shutting down and abandoning module AndroidDeviceDetection (167)
[2015.02.23-11.52.43:259][ 34]LogModuleManager: Shutting down and abandoning module CrashTracker (166)
[2015.02.23-11.52.43:259][ 34]LogModuleManager: Shutting down and abandoning module SuperSearch (165)
[2015.02.23-11.52.43:259][ 34]LogModuleManager: Shutting down and abandoning module SceneOutliner (164)
[2015.02.23-11.52.43:259][ 34]LogModuleManager: Shutting down and abandoning module EditorWidgets (163)
[2015.02.23-11.52.43:259][ 34]LogModuleManager: Shutting down and abandoning module CollectionManager (162)
[2015.02.23-11.52.43:259][ 34]LogModuleManager: Shutting down and abandoning module StatsViewer (161)
[2015.02.23-11.52.43:259][ 34]LogModuleManager: Shutting down and abandoning module FoliageEdit (160)
[2015.02.23-11.52.43:259][ 34]LogModuleManager: Shutting down and abandoning module LandscapeEditor (159)
[2015.02.23-11.52.43:260][ 34]LogModuleManager: Shutting down and abandoning module MeshPaint (158)
[2015.02.23-11.52.43:260][ 34]LogModuleManager: Shutting down and abandoning module ActorPickerMode (157)
[2015.02.23-11.52.43:260][ 34]LogModuleManager: Shutting down and abandoning module GeometryMode (156)
[2015.02.23-11.52.43:260][ 34]LogModuleManager: Shutting down and abandoning module TextureAlignMode (155)
[2015.02.23-11.52.43:260][ 34]LogModuleManager: Shutting down and abandoning module BspMode (154)
[2015.02.23-11.52.43:260][ 34]LogModuleManager: Shutting down and abandoning module PlacementMode (153)
[2015.02.23-11.52.43:260][ 34]LogModuleManager: Shutting down and abandoning module AutomationWorker (152)
[2015.02.23-11.52.43:260][ 34]LogModuleManager: Shutting down and abandoning module CharacterAI (151)
[2015.02.23-11.52.43:260][ 34]LogModuleManager: Shutting down and abandoning module GameProjectGeneration (150)
[2015.02.23-11.52.43:260][ 34]LogModuleManager: Shutting down and abandoning module IntroTutorials (149)
[2015.02.23-11.52.43:260][ 34]LogModuleManager: Shutting down and abandoning module EditorLiveStreaming (148)
[2015.02.23-11.52.43:260][ 34]LogModuleManager: Shutting down and abandoning module HardwareTargeting (147)
[2015.02.23-11.52.43:260][ 34]LogModuleManager: Shutting down and abandoning module BehaviorTreeEditor (146)
[2015.02.23-11.52.43:260][ 34]LogModuleManager: Shutting down and abandoning module DeviceProfileEditor (145)
[2015.02.23-11.52.43:260][ 34]LogModuleManager: Shutting down and abandoning module UndoHistory (144)
[2015.02.23-11.52.43:260][ 34]LogModuleManager: Shutting down and abandoning module GameplayTagsEditor (143)
[2015.02.23-11.52.43:260][ 34]LogModuleManager: Shutting down and abandoning module UserFeedback (142)
[2015.02.23-11.52.43:260][ 34]LogModuleManager: Shutting down and abandoning module XmlParser (141)
[2015.02.23-11.52.43:260][ 34]LogModuleManager: Shutting down and abandoning module Blutility (140)
[2015.02.23-11.52.43:260][ 34]LogModuleManager: Shutting down and abandoning module IOSPlatformEditor (139)
[2015.02.23-11.52.43:260][ 34]LogModuleManager: Shutting down and abandoning module IOSRuntimeSettings (138)
[2015.02.23-11.52.43:260][ 34]LogModuleManager: Shutting down and abandoning module AndroidPlatformEditor (137)
[2015.02.23-11.52.43:260][ 34]LogModuleManager: Shutting down and abandoning module AndroidRuntimeSettings (136)
[2015.02.23-11.52.43:260][ 34]LogModuleManager: Shutting down and abandoning module ProjectTargetPlatformEditor (135)
[2015.02.23-11.52.43:260][ 34]LogModuleManager: Shutting down and abandoning module ProjectSettingsViewer (134)
[2015.02.23-11.52.43:260][ 34]LogModuleManager: Shutting down and abandoning module InputBindingEditor (133)
[2015.02.23-11.52.43:260][ 34]LogModuleManager: Shutting down and abandoning module EditorSettingsViewer (132)
[2015.02.23-11.52.43:260][ 34]LogModuleManager: Shutting down and abandoning module SettingsEditor (131)
[2015.02.23-11.52.43:260][ 34]LogModuleManager: Shutting down and abandoning module ProjectLauncher (130)
[2015.02.23-11.52.43:260][ 34]LogModuleManager: Shutting down and abandoning module SessionFrontend (129)
[2015.02.23-11.52.43:260][ 34]LogModuleManager: Shutting down and abandoning module ProfilerClient (128)
[2015.02.23-11.52.43:260][ 34]LogModuleManager: Shutting down and abandoning module TargetDeviceServices (127)
[2015.02.23-11.52.43:260][ 34]LogModuleManager: Shutting down and abandoning module DeviceManager (126)
[2015.02.23-11.52.43:261][ 34]LogModuleManager: Shutting down and abandoning module AutomationController (125)
[2015.02.23-11.52.43:261][ 34]LogModuleManager: Shutting down and abandoning module AutomationWindow (124)
[2015.02.23-11.52.43:261][ 34]LogModuleManager: Shutting down and abandoning module Layers (123)
[2015.02.23-11.52.43:261][ 34]LogModuleManager: Shutting down and abandoning module ComponentVisualizers (122)
[2015.02.23-11.52.43:261][ 34]LogModuleManager: Shutting down and abandoning module DetailCustomizations (121)
[2015.02.23-11.52.43:261][ 34]LogModuleManager: Shutting down and abandoning module PackagesDialog (120)
[2015.02.23-11.52.43:261][ 34]LogModuleManager: Shutting down and abandoning module AssetRegistry (119)
[2015.02.23-11.52.43:363][ 34]LogModuleManager: Shutting down and abandoning module Persona (118)
[2015.02.23-11.52.43:363][ 34]LogModuleManager: Shutting down and abandoning module Kismet (117)
[2015.02.23-11.52.43:363][ 34]LogModuleManager: Shutting down and abandoning module GraphEditor (116)
[2015.02.23-11.52.43:363][ 34]LogModuleManager: Shutting down and abandoning module ClassViewer (115)
[2015.02.23-11.52.43:363][ 34]LogModuleManager: Shutting down and abandoning module Toolbox (114)
[2015.02.23-11.52.43:363][ 34]LogModuleManager: Shutting down and abandoning module ModuleUI (113)
[2015.02.23-11.52.43:363][ 34]LogModuleManager: Shutting down and abandoning module MovieSceneTools (112)
[2015.02.23-11.52.43:363][ 34]LogModuleManager: Shutting down and abandoning module OutputLog (111)
[2015.02.23-11.52.43:363][ 34]LogModuleManager: Shutting down and abandoning module GammaUI (110)
[2015.02.23-11.52.43:363][ 34]LogModuleManager: Shutting down and abandoning module Documentation (109)
[2015.02.23-11.52.43:363][ 34]LogModuleManager: Shutting down and abandoning module GameLiveStreaming (108)
[2015.02.23-11.52.43:363][ 34]LogModuleManager: Shutting down and abandoning module StreamingPauseRendering (107)
[2015.02.23-11.52.43:363][ 34]LogModuleManager: Shutting down and abandoning module HTTP (106)
[2015.02.23-11.52.43:363][ 34]LogModuleManager: Shutting down and abandoning module AnalyticsET (105)
[2015.02.23-11.52.43:363][ 34]LogModuleManager: Shutting down and abandoning module Analytics (104)
[2015.02.23-11.52.43:363][ 34]LogModuleManager: Shutting down and abandoning module GameplayDebugger (103)
[2015.02.23-11.52.43:363][ 34]LogModuleManager: Shutting down and abandoning module AIModule (102)
[2015.02.23-11.52.43:363][ 34]LogModuleManager: Shutting down and abandoning module ProfilerService (101)
[2015.02.23-11.52.43:595][ 34]LogModuleManager: Shutting down and abandoning module TaskGraph (100)
[2015.02.23-11.52.43:595][ 34]LogModuleManager: Shutting down and abandoning module SlateRemote (99)
[2015.02.23-11.52.43:595][ 34]LogModuleManager: Shutting down and abandoning module ScriptEditorPlugin (98)
[2015.02.23-11.52.43:595][ 34]LogModuleManager: Shutting down and abandoning module CustomMeshComponent (97)
[2015.02.23-11.52.43:595][ 34]LogModuleManager: Shutting down and abandoning module CableComponent (96)
[2015.02.23-11.52.43:595][ 34]LogModuleManager: Shutting down and abandoning module MessagingDebugger (95)
[2015.02.23-11.52.43:595][ 34]LogModuleManager: Shutting down and abandoning module MediaPlayerEditor (94)
[2015.02.23-11.52.43:595][ 34]LogModuleManager: Shutting down and abandoning module SpeedTreeImporter (93)
[2015.02.23-11.52.43:595][ 34]LogModuleManager: Shutting down and abandoning module PluginsEditor (92)
[2015.02.23-11.52.43:595][ 34]LogModuleManager: Shutting down and abandoning module EpicSurvey (91)
[2015.02.23-11.52.43:595][ 34]LogModuleManager: Shutting down and abandoning module DesktopPlatform (90)
[2015.02.23-11.52.43:595][ 34]LogModuleManager: Shutting down and abandoning module VisualStudioSourceCodeAccess (89)
[2015.02.23-11.52.43:595][ 34]LogModuleManager: Shutting down and abandoning module UObjectPlugin (88)
[2015.02.23-11.52.43:595][ 34]LogModuleManager: Shutting down and abandoning module GitSourceControl (87)
[2015.02.23-11.52.43:595][ 34]LogModuleManager: Shutting down and abandoning module SubversionSourceControl (86)
[2015.02.23-11.52.43:595][ 34]LogModuleManager: Shutting down and abandoning module SourceControl (85)
[2015.02.23-11.52.43:595][ 34]LogModuleManager: Shutting down and abandoning module PerforceSourceControl (84)
[2015.02.23-11.52.43:595][ 34]LogModuleManager: Shutting down and abandoning module BlankPlugin (83)
[2015.02.23-11.52.43:595][ 34]LogModuleManager: Shutting down and abandoning module SlateReflector (82)
[2015.02.23-11.52.43:595][ 34]LogModuleManager: Shutting down and abandoning module DirectoryWatcher (81)
[2015.02.23-11.52.43:596][ 34]LogModuleManager: Shutting down and abandoning module HotReload (80)
[2015.02.23-11.52.43:596][ 34]LogModuleManager: Shutting down and abandoning module MainFrame (79)
[2015.02.23-11.52.43:596][ 34]LogModuleManager: Shutting down and abandoning module LevelEditor (78)
[2015.02.23-11.52.43:597][ 34]LogModuleManager: Shutting down and abandoning module ViewportSnapping (77)
[2015.02.23-11.52.43:597][ 34]LogModuleManager: Shutting down and abandoning module SmartSnapping (76)
[2015.02.23-11.52.43:597][ 34]LogModuleManager: Shutting down and abandoning module PaperTiledImporter (75)
[2015.02.23-11.52.43:597][ 34]LogModuleManager: Shutting down and abandoning module PaperJsonImporter (74)
[2015.02.23-11.52.43:597][ 34]LogModuleManager: Shutting down and abandoning module ContentBrowser (73)
[2015.02.23-11.52.43:597][ 34]LogModuleManager: Shutting down and abandoning module PropertyEditor (72)
[2015.02.23-11.52.43:597][ 34]LogModuleManager: Shutting down and abandoning module Paper2DEditor (71)
[2015.02.23-11.52.43:597][ 34]LogModuleManager: Shutting down and abandoning module ScriptPlugin (70)
[2015.02.23-11.52.43:597][ 34]LogModuleManager: Shutting down and abandoning module UdpMessaging (69)
[2015.02.23-11.52.43:698][ 34]LogModuleManager: Shutting down and abandoning module Paper2D (68)
[2015.02.23-11.52.43:698][ 34]LogModuleManager: Shutting down and abandoning module WindowsMoviePlayer (67)
[2015.02.23-11.52.43:701][ 34]LogModuleManager: Shutting down and abandoning module Media (66)
[2015.02.23-11.52.43:701][ 34]LogModuleManager: Shutting down and abandoning module WmfMedia (65)
[2015.02.23-11.52.43:701][ 34]LogModuleManager: Shutting down and abandoning module OnlineBlueprintSupport (64)
[2015.02.23-11.52.43:701][ 34]LogModuleManager: Shutting down and abandoning module FunctionalTesting (63)
[2015.02.23-11.52.43:701][ 34]LogModuleManager: Shutting down and abandoning module CollisionAnalyzer (62)
[2015.02.23-11.52.43:701][ 34]LogModuleManager: Shutting down and abandoning module WorkspaceMenuStructure (61)
[2015.02.23-11.52.43:701][ 34]LogModuleManager: Shutting down and abandoning module MessageLog (60)
[2015.02.23-11.52.43:701][ 34]LogModuleManager: Shutting down and abandoning module Sequencer (59)
[2015.02.23-11.52.43:701][ 34]LogModuleManager: Shutting down and abandoning module AssetTools (58)
[2015.02.23-11.52.43:701][ 34]LogModuleManager: Shutting down and abandoning module UMGEditor (57)
[2015.02.23-11.52.43:701][ 34]LogModuleManager: Shutting down and abandoning module UMG (56)
[2015.02.23-11.52.43:701][ 34]LogModuleManager: Shutting down and abandoning module Slate (55)
[2015.02.23-11.52.43:701][ 34]LogModuleManager: Shutting down and abandoning module EditorStyle (54)
[2015.02.23-11.52.43:703][ 34]LogModuleManager: Shutting down and abandoning module SessionServices (53)
[2015.02.23-11.52.43:703][ 34]LogModuleManager: Shutting down and abandoning module SourceCodeAccess (52)
[2015.02.23-11.52.43:703][ 34]LogModuleManager: Shutting down and abandoning module HeadMountedDisplay (51)
[2015.02.23-11.52.43:703][ 34]LogModuleManager: Shutting down and abandoning module XAudio2 (50)
[2015.02.23-11.52.43:703][ 34]LogModuleManager: Shutting down and abandoning module Networking (48)
[2015.02.23-11.52.43:703][ 34]LogModuleManager: Shutting down and abandoning module Core (47)
[2015.02.23-11.52.43:703][ 34]LogModuleManager: Shutting down and abandoning module KismetCompiler (46)
[2015.02.23-11.52.43:703][ 34]LogModuleManager: Shutting down and abandoning module PhysXFormats (45)
[2015.02.23-11.52.43:703][ 34]LogModuleManager: Shutting down and abandoning module MeshUtilities (44)
[2015.02.23-11.52.43:703][ 34]LogModuleManager: Shutting down and abandoning module DerivedDataCache (43)
[2015.02.23-11.52.43:753][ 34]LogDerivedDataCache: Shutdown
[2015.02.23-11.52.43:753][ 34]LogModuleManager: Shutting down and abandoning module ShaderFormatOpenGL (42)
[2015.02.23-11.52.43:753][ 34]LogModuleManager: Shutting down and abandoning module ShaderFormatD3D (41)
[2015.02.23-11.52.43:753][ 34]LogModuleManager: Shutting down and abandoning module MetalShaderFormat (40)
[2015.02.23-11.52.43:753][ 34]LogModuleManager: Shutting down and abandoning module TextureFormatUncompressed (39)
[2015.02.23-11.52.43:753][ 34]LogModuleManager: Shutting down and abandoning module TextureFormatPVR (38)
[2015.02.23-11.52.43:753][ 34]LogModuleManager: Shutting down and abandoning module TextureFormatDXT (37)
[2015.02.23-11.52.43:753][ 34]LogModuleManager: Shutting down and abandoning module TextureFormatAndroid (36)
[2015.02.23-11.52.43:753][ 34]LogModuleManager: Shutting down and abandoning module AudioFormatOpus (35)
[2015.02.23-11.52.43:753][ 34]LogModuleManager: Shutting down and abandoning module AudioFormatOgg (34)
[2015.02.23-11.52.43:753][ 34]LogModuleManager: Shutting down and abandoning module AudioFormatADPCM (33)
[2015.02.23-11.52.43:753][ 34]LogModuleManager: Shutting down and abandoning module Messaging (32)
[2015.02.23-11.52.43:753][ 34]LogModuleManager: Shutting down and abandoning module IOSTargetPlatform (31)
[2015.02.23-11.52.43:753][ 34]LogModuleManager: Shutting down and abandoning module Android_PVRTCTargetPlatform (30)
[2015.02.23-11.52.43:753][ 34]LogModuleManager: Shutting down and abandoning module Android_ETC2TargetPlatform (29)
[2015.02.23-11.52.43:753][ 34]LogModuleManager: Shutting down and abandoning module Android_ETC1TargetPlatform (28)
[2015.02.23-11.52.43:753][ 34]LogModuleManager: Shutting down and abandoning module Android_DXTTargetPlatform (27)
[2015.02.23-11.52.43:753][ 34]LogModuleManager: Shutting down and abandoning module Android_ATCTargetPlatform (26)
[2015.02.23-11.52.43:753][ 34]LogModuleManager: Shutting down and abandoning module AndroidTargetPlatform (25)
[2015.02.23-11.52.43:753][ 34]LogModuleManager: Shutting down and abandoning module WindowsTargetPlatform (24)
[2015.02.23-11.52.43:753][ 34]LogModuleManager: Shutting down and abandoning module WindowsServerTargetPlatform (23)
[2015.02.23-11.52.43:753][ 34]LogModuleManager: Shutting down and abandoning module WindowsNoEditorTargetPlatform (22)
[2015.02.23-11.52.43:753][ 34]LogModuleManager: Shutting down and abandoning module WindowsClientTargetPlatform (21)
[2015.02.23-11.52.43:753][ 34]LogModuleManager: Shutting down and abandoning module TargetPlatform (20)
[2015.02.23-11.52.43:753][ 34]LogModuleManager: Shutting down and abandoning module InputCore (19)
[2015.02.23-11.52.43:753][ 34]LogModuleManager: Shutting down and abandoning module Settings (18)
[2015.02.23-11.52.43:753][ 34]LogModuleManager: Shutting down and abandoning module ImageWrapper (17)
[2015.02.23-11.52.43:753][ 34]LogModuleManager: Shutting down and abandoning module OculusRift (14)
[2015.02.23-11.52.43:753][ 34]LogModuleManager: Shutting down and abandoning module ExampleDeviceProfileSelector (13)
[2015.02.23-11.52.43:753][ 34]LogModuleManager: Shutting down and abandoning module TextureCompressor (12)
[2015.02.23-11.52.43:753][ 34]LogModuleManager: Shutting down and abandoning module ShaderCore (11)
[2015.02.23-11.52.43:753][ 34]LogModuleManager: Shutting down and abandoning module SlateRHIRenderer (10)
[2015.02.23-11.52.43:754][ 34]LogModuleManager: Shutting down and abandoning module OpenGLDrv (9)
[2015.02.23-11.52.43:754][ 34]LogModuleManager: Shutting down and abandoning module D3D11RHI (8)
[2015.02.23-11.52.43:754][ 34]LogModuleManager: Shutting down and abandoning module Renderer (7)
[2015.02.23-11.52.43:754][ 34]LogModuleManager: Shutting down and abandoning module Engine (6)
[2015.02.23-11.52.43:754][ 34]LogModuleManager: Shutting down and abandoning module CoreUObject (5)
[2015.02.23-11.52.43:754][ 34]LogModuleManager: Shutting down and abandoning module NetworkFile (4)
[2015.02.23-11.52.43:754][ 34]LogModuleManager: Shutting down and abandoning module StreamingFile (3)
[2015.02.23-11.52.43:754][ 34]LogModuleManager: Shutting down and abandoning module SandboxFile (2)
[2015.02.23-11.52.43:754][ 34]LogModuleManager: Shutting down and abandoning module PakFile (1)
[2015.02.23-11.52.43:755][ 34]LogExit: Exiting.
[2015.02.23-11.52.43:765][ 34]Log file closed, 02/23/15 12:52:43
