Log file open, 02/23/15 12:37:50
LogInit:Display: Running engine for game: Project_Restart
LogInit: Version: 4.5.1-2336687+++depot+UE4-Releases+4.5
LogInit: API Version: 2326478
LogInit: Compiled (64-bit): Oct 21 2014 22:32:40
LogInit: Compiled with Visual C++: 18.00.21005.01
LogInit: Build Configuration: Development
LogInit: Branch Name: ++depot+UE4-Releases+4.5
LogInit: Command line: 
LogInit: Base directory: C:/Program Files/Unreal Engine/4.5/Engine/Binaries/Win64/
LogInit: Rocket: 1
[2015.02.23-11.37.50:177][  0]LogTaskGraph: Started task graph with 3 named threads and 4 total threads.
[2015.02.23-11.37.50:219][  0]LogOnline:Warning: No default platform service specified for OnlineSubsystem
[2015.02.23-11.37.50:266][  0]LogInit: Presizing for 0 objects not considered by GC, pre-allocating 0 bytes.
[2015.02.23-11.37.50:277][  0]LogInit: Object subsystem initialized
[2015.02.23-11.37.50:280][  0]LogConsoleResponse:Warning: Skipping Unknown console variable: 'UIScaleRule = ShortestSide'
[2015.02.23-11.37.50:280][  0]LogConsoleResponse:Warning:   Found in ini file 'H:/Unreal Projects/Project_Restart/Saved/Config/Windows/Engine.ini', in section '[/Script/Engine.RendererSettings]'
[2015.02.23-11.37.50:280][  0]LogConsoleResponse:Warning: Skipping Unknown console variable: 'UIScaleCurve = (EditorCurveData=(Keys=((Time=480,Value=0.444),(Time=720,Value=0.666),(Time=1080,Value=1.0),(Time=8640,Value=8.0))),ExternalCurve=None)'
[2015.02.23-11.37.50:280][  0]LogConsoleResponse:Warning:   Found in ini file 'H:/Unreal Projects/Project_Restart/Saved/Config/Windows/Engine.ini', in section '[/Script/Engine.RendererSettings]'
[2015.02.23-11.37.50:280][  0]LogInit: Selected Device Profile: [Windows]
[2015.02.23-11.37.50:280][  0]LogInit: Applying CVar settings loaded from the selected device profile: [Windows]
[2015.02.23-11.37.50:288][  0]LogInit: Computer: HKB-PC
[2015.02.23-11.37.50:288][  0]LogInit: User: haithem
[2015.02.23-11.37.50:289][  0]LogInit: CPU Page size=4096, Cores=4
[2015.02.23-11.37.50:289][  0]LogInit: High frequency timer resolution =2.143566 MHz
[2015.02.23-11.37.50:289][  0]LogMemory: Memory total: Physical=20.0GB (20GB approx) Virtual=131072.0GB
[2015.02.23-11.37.50:290][  0]LogMemory: Platform Memory Stats for Windows
[2015.02.23-11.37.50:290][  0]LogMemory: Process Physical Memory: 61.05 MB used, 61.21 MB peak
[2015.02.23-11.37.50:290][  0]LogMemory: Process Virtual Memory: 38.39 MB used, 38.56 MB peak
[2015.02.23-11.37.50:290][  0]LogMemory: Physical Memory: 5449.87 MB used, 20457.13 MB total
[2015.02.23-11.37.50:290][  0]LogMemory: Virtual Memory: 281.05 MB used, 134217728.00 MB total
[2015.02.23-11.37.50:328][  0]LogD3D11RHI: Found D3D11 adapter 0: NVIDIA GeForce GTX 560M (Feature Level 11_0)
[2015.02.23-11.37.50:328][  0]LogD3D11RHI: Adapter has 1994MB of dedicated video memory, 0MB of dedicated system memory, and 2047MB of shared system memory, 2 output[s]
[2015.02.23-11.37.50:330][  0]LogD3D11RHI: Found D3D11 adapter 1: Microsoft Basic Render Driver (Feature Level 11_0)
[2015.02.23-11.37.50:330][  0]LogD3D11RHI: Adapter has 0MB of dedicated video memory, 0MB of dedicated system memory, and 256MB of shared system memory, 0 output[s]
[2015.02.23-11.37.50:330][  0]LogD3D11RHI: Chosen D3D11 Adapter Id = 0
[2015.02.23-11.37.50:336][  0]LogRHI: Texture pool is 1361 MB (70% of 1945 MB)
[2015.02.23-11.37.50:355][  0]LogD3D11RHI: Async texture creation enabled
[2015.02.23-11.37.50:418][  0]LogTextLocalizationManager: The requested culture ('fr_FR') has no localization data; falling back to 'en' for localization and internationalization data.
[2015.02.23-11.37.50:606][  0]LogContentStreaming: Texture pool size is 0.000000MB
[2015.02.23-11.37.55:860][  0]LogTargetPlatformManager:Display: Building Assets For Windows
[2015.02.23-11.37.56:421][  0]LogTargetPlatformManager:Display: Building Assets For Windows
[2015.02.23-11.37.56:519][  0]LogDerivedDataCache:Display: Max Cache Size: 512 MB
[2015.02.23-11.37.56:563][  0]LogDerivedDataCache: Loaded boot cache 0.04s 39MB C:/Users/haithem/AppData/Local/UnrealEngine/4.5/DerivedDataCache/Boot.ddc.
[2015.02.23-11.37.56:564][  0]LogDerivedDataCache:Display: Loaded Boot cache: C:/Users/haithem/AppData/Local/UnrealEngine/4.5/DerivedDataCache/Boot.ddc
[2015.02.23-11.37.56:564][  0]LogDerivedDataCache: FDerivedDataBackendGraph:  Pak pak cache file H:/Unreal Projects/Project_Restart/DerivedDataCache/DDC.ddp not found, will not use a pak cache.
[2015.02.23-11.37.56:564][  0]LogDerivedDataCache: Unable to find inner node Pak for hierarchical cache Hierarchy.
[2015.02.23-11.37.56:634][  0]LogDerivedDataCache:Display: Pak cache opened for reading ../../../Engine/DerivedDataCache/DDC.ddp.
[2015.02.23-11.37.56:648][  0]LogDerivedDataCache: Using Local data cache path C:/Users/haithem/AppData/Local/UnrealEngine/Common/DerivedDataCache: Writable
[2015.02.23-11.37.56:919][  0]LogMeshUtilities: No automatic mesh reduction module available
[2015.02.23-11.37.56:919][  0]LogMeshUtilities: No automatic mesh merging module available
[2015.02.23-11.37.57:231][  0]LogLinker:Warning: Asset '../../../Engine/Content/Functions/Engine_MaterialFunctions02/Texturing/FlipBook.uasset' has been saved with empty engine version. The asset will be loaded but may be incompatible.
[2015.02.23-11.37.57:235][  0]LogLinker:Warning: Asset '../../../Engine/Content/Functions/Engine_MaterialFunctions02/ExampleContent/Textures/flipbook.uasset' has been saved with empty engine version. The asset will be loaded but may be incompatible.
[2015.02.23-11.37.57:530][  0]LogInit: WinSock: version 1.1 (2.2), MaxSocks=32767, MaxUdp=65467
[2015.02.23-11.37.58:999][  0]UdpMessaging: Initializing bridge on interface 0.0.0.0:0 to multicast group 230.0.0.1:6666.
[2015.02.23-11.37.59:309][  0]LogDirectoryWatcher:Warning: Failed to begin reading directory changes for H:/Unreal Projects/Project_Restart/Binaries/Win64. Error: 0
[2015.02.23-11.37.59:552][  0]SourceControl: Info Source control is disabled
[2015.02.23-11.37.59:552][  0]SourceControl: Info Source control is disabled
[2015.02.23-11.37.59:569][  0]SourceControl: Info Source control is disabled
[2015.02.23-11.37.59:834][  0]LogObj: 22915 objects as part of root set at end of initial load.
[2015.02.23-11.37.59:834][  0]LogUObjectAllocator: 4803544 out of 0 bytes used by permanent object pool.
[2015.02.23-11.37.59:917][  0]LogEngine: Initializing Engine...
[2015.02.23-11.38.00:088][  0]LogInit: XAudio2 using 'Haut-parleurs (Realtek High Definition Audio)' : 2 channels at 48 kHz using 32 bits per sample (channel mask 0x3)
[2015.02.23-11.38.00:099][  0]LogInit: FAudioDevice initialized.
[2015.02.23-11.38.00:144][  0]LogAIModule: Creating AISystem for world NewWorld
[2015.02.23-11.38.00:167][  0]LogDerivedDataCache: Saved boot cache 0.02s 39MB C:/Users/haithem/AppData/Local/UnrealEngine/4.5/DerivedDataCache/Boot.ddc.
[2015.02.23-11.38.00:172][  0]LogInit: Texture streaming: Enabled
[2015.02.23-11.38.00:270][  0]LogInit: Transaction tracking system initialized
[2015.02.23-11.38.00:488][  0]BlueprintLog: New page: Editor Load
[2015.02.23-11.38.00:545][  0]LogAssetRegistry: FAssetRegistry took 0.0107 seconds to start up
[2015.02.23-11.38.00:546][  0]LogDirectoryWatcher:Warning: Failed to begin reading directory changes for ../../../Engine/Plugins/Experimental/CharacterAI/Content/. Error: 0
[2015.02.23-11.38.01:255][  0]LogTargetPlatformManager:Display: Building Assets For Windows
[2015.02.23-11.38.01:646][  0]LogTargetPlatformManager:Display: Building Assets For Windows
[2015.02.23-11.38.03:458][  0]LogConsoleResponse:Display: 
[2015.02.23-11.38.03:846][  0]SourceControl: Info Source control is disabled
[2015.02.23-11.38.03:846][  0]Cmd: MAP LOAD FILE="H:/Unreal Projects/Project_Restart/Content/Maps/Example_Map.umap" TEMPLATE=0 SHOWPROGRESS=1
[2015.02.23-11.38.03:847][  0]LightingResults: New page: Lighting Build
[2015.02.23-11.38.03:868][  0]MapCheck: New page: Map Check
[2015.02.23-11.38.03:868][  0]LightingResults: New page: Lighting Build
[2015.02.23-11.38.03:894][  0]LogParticles: Destroying 0 GPU particle simulations for FXSystem 0x00000075EB0FA7A0
[2015.02.23-11.38.04:204][  0]LogEditorServer: Finished looking for orphan Actors (0.000 secs)
[2015.02.23-11.38.04:205][  0]LogAIModule: Creating AISystem for world Example_Map
[2015.02.23-11.38.04:205][  0]Cmd: MAP CHECKDEP
[2015.02.23-11.38.04:205][  0]MapCheck: New page: Example_Map - Feb 23, 2015, 1:38:04 PM
[2015.02.23-11.38.04:422][  0]MapCheck: Info Map check complete: 0 Error(s), 0 Warning(s), took 217.117ms to complete.
[2015.02.23-11.38.04:422][  0]LogFileHelpers: Loading map 'Example_Map' took 0.576
[2015.02.23-11.38.04:528][  0]LogCollectionManager: Loaded 0 collections in 0.001635 seconds
[2015.02.23-11.38.04:682][  0]LogCrashTracker: Crashtracker disabled due to settings.
[2015.02.23-11.38.04:695][  0]LogUObjectGlobals:Warning: Failed to find object 'Class None.'
[2015.02.23-11.38.04:728][  0]LogLoad: Full Startup: 16.31 seconds (BP compile: 0.07 seconds)
[2015.02.23-11.38.04:929][  0]LogRenderer:Warning: Reallocating scene render targets to support 808x592.
[2015.02.23-11.38.05:239][  3]LogAssetRegistry: Asset discovery search completed in 4.7054 seconds
[2015.02.23-11.43.14:197][322]LogEditorViewport: Clicking on Actor (LMB): StaticMeshActor (Cube06)
[2015.02.23-11.43.28:926][168]LogRenderer:Warning: Reallocating scene render targets to support 808x592.
[2015.02.23-11.43.28:960][170]LogContentStreaming: Texture pool size now 200 MB
[2015.02.23-11.43.32:516][372]LogEditorViewport: Clicking on Actor (LMB): StaticMeshActor (Cube06)
[2015.02.23-11.43.44:942][102]LogContentBrowser:Verbose: The content browser source was changed by the sources view to '/Game/StarterContent'
[2015.02.23-11.43.49:288][360]LogContentBrowser:Verbose: The content browser source was changed by the sources view to '/Game/StarterContent/Architecture'
[2015.02.23-11.43.52:278][533]LogContentBrowser:Verbose: The content browser source was changed by the sources view to '/Game/StarterContent/Props'
[2015.02.23-11.43.59:964][981]LogActorFactory: Actor Factory created SM_Rock
[2015.02.23-11.44.00:725][ 25]LogActorFactory: Actor Factory created SM_Rock
[2015.02.23-11.44.26:536][428]Cmd: OBJ SAVEPACKAGE PACKAGE="/Game/Maps/Example_Map" FILE="H:/Unreal Projects/Project_Restart/Content/Maps/Example_Map.umap" SILENT=true AUTOSAVING=false KEEPDIRTY=false
[2015.02.23-11.44.26:679][428]LogSavePackage: Save=102.518417ms
[2015.02.23-11.44.26:680][428]LogSavePackage: Moving 'H:/Unreal Projects/Project_Restart/Saved/Example_Map5B5110D74352C382E5BBF58A0BBCE253.tmp' to 'H:/Unreal Projects/Project_Restart/Content/Maps/Example_Map.umap'
[2015.02.23-11.44.26:692][428]LogFileHelpers: Saving map 'Example_Map' took 0.385
[2015.02.23-11.44.27:349][429]Cmd: QUIT_EDITOR
[2015.02.23-11.44.27:690][429]LogExit: Preparing to exit.
[2015.02.23-11.44.28:262][429]LogExit: Editor shut down
[2015.02.23-11.44.28:262][429]LogExit: Transaction tracking system shut down
[2015.02.23-11.44.28:263][429]LogParticles: Destroying 0 GPU particle simulations for FXSystem 0x00000075E2F1CD60
[2015.02.23-11.44.28:289][429]LogParticles: Destroying 0 GPU particle simulations for FXSystem 0x00000075E8EFA520
[2015.02.23-11.44.28:289][429]LogParticles: Destroying 0 GPU particle simulations for FXSystem 0x00000075E8EFA3E0
[2015.02.23-11.44.28:289][429]LogExit: Object subsystem successfully closed.
[2015.02.23-11.44.28:396][429]LogModuleManager: Shutting down and abandoning module AndroidDeviceDetection (166)
[2015.02.23-11.44.28:396][429]LogModuleManager: Shutting down and abandoning module CrashTracker (165)
[2015.02.23-11.44.28:396][429]LogModuleManager: Shutting down and abandoning module SuperSearch (164)
[2015.02.23-11.44.28:396][429]LogModuleManager: Shutting down and abandoning module SceneOutliner (163)
[2015.02.23-11.44.28:396][429]LogModuleManager: Shutting down and abandoning module EditorWidgets (162)
[2015.02.23-11.44.28:396][429]LogModuleManager: Shutting down and abandoning module CollectionManager (161)
[2015.02.23-11.44.28:396][429]LogModuleManager: Shutting down and abandoning module StatsViewer (160)
[2015.02.23-11.44.28:396][429]LogModuleManager: Shutting down and abandoning module FoliageEdit (159)
[2015.02.23-11.44.28:396][429]LogModuleManager: Shutting down and abandoning module LandscapeEditor (158)
[2015.02.23-11.44.28:396][429]LogModuleManager: Shutting down and abandoning module MeshPaint (157)
[2015.02.23-11.44.28:396][429]LogModuleManager: Shutting down and abandoning module ActorPickerMode (156)
[2015.02.23-11.44.28:396][429]LogModuleManager: Shutting down and abandoning module GeometryMode (155)
[2015.02.23-11.44.28:396][429]LogModuleManager: Shutting down and abandoning module TextureAlignMode (154)
[2015.02.23-11.44.28:396][429]LogModuleManager: Shutting down and abandoning module BspMode (153)
[2015.02.23-11.44.28:396][429]LogModuleManager: Shutting down and abandoning module PlacementMode (152)
[2015.02.23-11.44.28:396][429]LogModuleManager: Shutting down and abandoning module AutomationWorker (151)
[2015.02.23-11.44.28:396][429]LogModuleManager: Shutting down and abandoning module CharacterAI (150)
[2015.02.23-11.44.28:396][429]LogModuleManager: Shutting down and abandoning module GameProjectGeneration (149)
[2015.02.23-11.44.28:396][429]LogModuleManager: Shutting down and abandoning module IntroTutorials (148)
[2015.02.23-11.44.28:396][429]LogModuleManager: Shutting down and abandoning module EditorLiveStreaming (147)
[2015.02.23-11.44.28:396][429]LogModuleManager: Shutting down and abandoning module HardwareTargeting (146)
[2015.02.23-11.44.28:396][429]LogModuleManager: Shutting down and abandoning module BehaviorTreeEditor (145)
[2015.02.23-11.44.28:396][429]LogModuleManager: Shutting down and abandoning module DeviceProfileEditor (144)
[2015.02.23-11.44.28:396][429]LogModuleManager: Shutting down and abandoning module UndoHistory (143)
[2015.02.23-11.44.28:396][429]LogModuleManager: Shutting down and abandoning module GameplayTagsEditor (142)
[2015.02.23-11.44.28:396][429]LogModuleManager: Shutting down and abandoning module UserFeedback (141)
[2015.02.23-11.44.28:396][429]LogModuleManager: Shutting down and abandoning module XmlParser (140)
[2015.02.23-11.44.28:396][429]LogModuleManager: Shutting down and abandoning module Blutility (139)
[2015.02.23-11.44.28:397][429]LogModuleManager: Shutting down and abandoning module IOSPlatformEditor (138)
[2015.02.23-11.44.28:397][429]LogModuleManager: Shutting down and abandoning module IOSRuntimeSettings (137)
[2015.02.23-11.44.28:397][429]LogModuleManager: Shutting down and abandoning module AndroidPlatformEditor (136)
[2015.02.23-11.44.28:397][429]LogModuleManager: Shutting down and abandoning module AndroidRuntimeSettings (135)
[2015.02.23-11.44.28:397][429]LogModuleManager: Shutting down and abandoning module ProjectTargetPlatformEditor (134)
[2015.02.23-11.44.28:397][429]LogModuleManager: Shutting down and abandoning module ProjectSettingsViewer (133)
[2015.02.23-11.44.28:397][429]LogModuleManager: Shutting down and abandoning module InputBindingEditor (132)
[2015.02.23-11.44.28:397][429]LogModuleManager: Shutting down and abandoning module EditorSettingsViewer (131)
[2015.02.23-11.44.28:397][429]LogModuleManager: Shutting down and abandoning module SettingsEditor (130)
[2015.02.23-11.44.28:397][429]LogModuleManager: Shutting down and abandoning module ProjectLauncher (129)
[2015.02.23-11.44.28:397][429]LogModuleManager: Shutting down and abandoning module SessionFrontend (128)
[2015.02.23-11.44.28:397][429]LogModuleManager: Shutting down and abandoning module ProfilerClient (127)
[2015.02.23-11.44.28:397][429]LogModuleManager: Shutting down and abandoning module TargetDeviceServices (126)
[2015.02.23-11.44.28:397][429]LogModuleManager: Shutting down and abandoning module DeviceManager (125)
[2015.02.23-11.44.28:397][429]LogModuleManager: Shutting down and abandoning module AutomationController (124)
[2015.02.23-11.44.28:397][429]LogModuleManager: Shutting down and abandoning module AutomationWindow (123)
[2015.02.23-11.44.28:397][429]LogModuleManager: Shutting down and abandoning module Layers (122)
[2015.02.23-11.44.28:397][429]LogModuleManager: Shutting down and abandoning module ComponentVisualizers (121)
[2015.02.23-11.44.28:397][429]LogModuleManager: Shutting down and abandoning module DetailCustomizations (120)
[2015.02.23-11.44.28:397][429]LogModuleManager: Shutting down and abandoning module PackagesDialog (119)
[2015.02.23-11.44.28:397][429]LogModuleManager: Shutting down and abandoning module AssetRegistry (118)
[2015.02.23-11.44.28:482][429]LogModuleManager: Shutting down and abandoning module Persona (117)
[2015.02.23-11.44.28:482][429]LogModuleManager: Shutting down and abandoning module Kismet (116)
[2015.02.23-11.44.28:482][429]LogModuleManager: Shutting down and abandoning module GraphEditor (115)
[2015.02.23-11.44.28:482][429]LogModuleManager: Shutting down and abandoning module ClassViewer (114)
[2015.02.23-11.44.28:482][429]LogModuleManager: Shutting down and abandoning module Toolbox (113)
[2015.02.23-11.44.28:482][429]LogModuleManager: Shutting down and abandoning module ModuleUI (112)
[2015.02.23-11.44.28:482][429]LogModuleManager: Shutting down and abandoning module MovieSceneTools (111)
[2015.02.23-11.44.28:482][429]LogModuleManager: Shutting down and abandoning module OutputLog (110)
[2015.02.23-11.44.28:482][429]LogModuleManager: Shutting down and abandoning module GammaUI (109)
[2015.02.23-11.44.28:482][429]LogModuleManager: Shutting down and abandoning module Documentation (108)
[2015.02.23-11.44.28:482][429]LogModuleManager: Shutting down and abandoning module GameLiveStreaming (107)
[2015.02.23-11.44.28:482][429]LogModuleManager: Shutting down and abandoning module StreamingPauseRendering (106)
[2015.02.23-11.44.28:482][429]LogModuleManager: Shutting down and abandoning module HTTP (105)
[2015.02.23-11.44.28:482][429]LogModuleManager: Shutting down and abandoning module AnalyticsET (104)
[2015.02.23-11.44.28:482][429]LogModuleManager: Shutting down and abandoning module Analytics (103)
[2015.02.23-11.44.28:482][429]LogModuleManager: Shutting down and abandoning module GameplayDebugger (102)
[2015.02.23-11.44.28:482][429]LogModuleManager: Shutting down and abandoning module AIModule (101)
[2015.02.23-11.44.28:482][429]LogModuleManager: Shutting down and abandoning module ProfilerService (100)
[2015.02.23-11.44.28:498][429]LogModuleManager: Shutting down and abandoning module TaskGraph (99)
[2015.02.23-11.44.28:498][429]LogModuleManager: Shutting down and abandoning module SlateRemote (98)
[2015.02.23-11.44.28:498][429]LogModuleManager: Shutting down and abandoning module ScriptEditorPlugin (97)
[2015.02.23-11.44.28:498][429]LogModuleManager: Shutting down and abandoning module CustomMeshComponent (96)
[2015.02.23-11.44.28:498][429]LogModuleManager: Shutting down and abandoning module CableComponent (95)
[2015.02.23-11.44.28:498][429]LogModuleManager: Shutting down and abandoning module MessagingDebugger (94)
[2015.02.23-11.44.28:498][429]LogModuleManager: Shutting down and abandoning module MediaPlayerEditor (93)
[2015.02.23-11.44.28:498][429]LogModuleManager: Shutting down and abandoning module SpeedTreeImporter (92)
[2015.02.23-11.44.28:498][429]LogModuleManager: Shutting down and abandoning module PluginsEditor (91)
[2015.02.23-11.44.28:498][429]LogModuleManager: Shutting down and abandoning module EpicSurvey (90)
[2015.02.23-11.44.28:498][429]LogModuleManager: Shutting down and abandoning module DesktopPlatform (89)
[2015.02.23-11.44.28:498][429]LogModuleManager: Shutting down and abandoning module VisualStudioSourceCodeAccess (88)
[2015.02.23-11.44.28:498][429]LogModuleManager: Shutting down and abandoning module UObjectPlugin (87)
[2015.02.23-11.44.28:498][429]LogModuleManager: Shutting down and abandoning module SubversionSourceControl (86)
[2015.02.23-11.44.28:498][429]LogModuleManager: Shutting down and abandoning module SourceControl (85)
[2015.02.23-11.44.28:498][429]LogModuleManager: Shutting down and abandoning module PerforceSourceControl (84)
[2015.02.23-11.44.28:498][429]LogModuleManager: Shutting down and abandoning module BlankPlugin (83)
[2015.02.23-11.44.28:498][429]LogModuleManager: Shutting down and abandoning module SlateReflector (82)
[2015.02.23-11.44.28:498][429]LogModuleManager: Shutting down and abandoning module DirectoryWatcher (81)
[2015.02.23-11.44.28:499][429]LogModuleManager: Shutting down and abandoning module HotReload (80)
[2015.02.23-11.44.28:499][429]LogModuleManager: Shutting down and abandoning module MainFrame (79)
[2015.02.23-11.44.28:499][429]LogModuleManager: Shutting down and abandoning module LevelEditor (78)
[2015.02.23-11.44.28:500][429]LogModuleManager: Shutting down and abandoning module ViewportSnapping (77)
[2015.02.23-11.44.28:500][429]LogModuleManager: Shutting down and abandoning module SmartSnapping (76)
[2015.02.23-11.44.28:500][429]LogModuleManager: Shutting down and abandoning module PaperTiledImporter (75)
[2015.02.23-11.44.28:500][429]LogModuleManager: Shutting down and abandoning module PaperJsonImporter (74)
[2015.02.23-11.44.28:500][429]LogModuleManager: Shutting down and abandoning module ContentBrowser (73)
[2015.02.23-11.44.28:500][429]LogModuleManager: Shutting down and abandoning module PropertyEditor (72)
[2015.02.23-11.44.28:500][429]LogModuleManager: Shutting down and abandoning module Paper2DEditor (71)
[2015.02.23-11.44.28:500][429]LogModuleManager: Shutting down and abandoning module ScriptPlugin (70)
[2015.02.23-11.44.28:500][429]LogModuleManager: Shutting down and abandoning module UdpMessaging (69)
[2015.02.23-11.44.28:601][429]LogModuleManager: Shutting down and abandoning module Paper2D (68)
[2015.02.23-11.44.28:601][429]LogModuleManager: Shutting down and abandoning module WindowsMoviePlayer (67)
[2015.02.23-11.44.28:603][429]LogModuleManager: Shutting down and abandoning module Media (66)
[2015.02.23-11.44.28:603][429]LogModuleManager: Shutting down and abandoning module WmfMedia (65)
[2015.02.23-11.44.28:604][429]LogModuleManager: Shutting down and abandoning module OnlineBlueprintSupport (64)
[2015.02.23-11.44.28:604][429]LogModuleManager: Shutting down and abandoning module FunctionalTesting (63)
[2015.02.23-11.44.28:604][429]LogModuleManager: Shutting down and abandoning module CollisionAnalyzer (62)
[2015.02.23-11.44.28:604][429]LogModuleManager: Shutting down and abandoning module WorkspaceMenuStructure (61)
[2015.02.23-11.44.28:604][429]LogModuleManager: Shutting down and abandoning module MessageLog (60)
[2015.02.23-11.44.28:604][429]LogModuleManager: Shutting down and abandoning module Sequencer (59)
[2015.02.23-11.44.28:604][429]LogModuleManager: Shutting down and abandoning module AssetTools (58)
[2015.02.23-11.44.28:604][429]LogModuleManager: Shutting down and abandoning module UMGEditor (57)
[2015.02.23-11.44.28:604][429]LogModuleManager: Shutting down and abandoning module UMG (56)
[2015.02.23-11.44.28:604][429]LogModuleManager: Shutting down and abandoning module Slate (55)
[2015.02.23-11.44.28:604][429]LogModuleManager: Shutting down and abandoning module EditorStyle (54)
[2015.02.23-11.44.28:606][429]LogModuleManager: Shutting down and abandoning module SessionServices (53)
[2015.02.23-11.44.28:606][429]LogModuleManager: Shutting down and abandoning module SourceCodeAccess (52)
[2015.02.23-11.44.28:606][429]LogModuleManager: Shutting down and abandoning module HeadMountedDisplay (51)
[2015.02.23-11.44.28:606][429]LogModuleManager: Shutting down and abandoning module XAudio2 (50)
[2015.02.23-11.44.28:606][429]LogModuleManager: Shutting down and abandoning module Networking (48)
[2015.02.23-11.44.28:606][429]LogModuleManager: Shutting down and abandoning module Core (47)
[2015.02.23-11.44.28:606][429]LogModuleManager: Shutting down and abandoning module KismetCompiler (46)
[2015.02.23-11.44.28:606][429]LogModuleManager: Shutting down and abandoning module PhysXFormats (45)
[2015.02.23-11.44.28:606][429]LogModuleManager: Shutting down and abandoning module MeshUtilities (44)
[2015.02.23-11.44.28:606][429]LogModuleManager: Shutting down and abandoning module DerivedDataCache (43)
[2015.02.23-11.44.28:616][429]LogDerivedDataCache: Shutdown
[2015.02.23-11.44.28:616][429]LogModuleManager: Shutting down and abandoning module ShaderFormatOpenGL (42)
[2015.02.23-11.44.28:616][429]LogModuleManager: Shutting down and abandoning module ShaderFormatD3D (41)
[2015.02.23-11.44.28:616][429]LogModuleManager: Shutting down and abandoning module MetalShaderFormat (40)
[2015.02.23-11.44.28:616][429]LogModuleManager: Shutting down and abandoning module TextureFormatUncompressed (39)
[2015.02.23-11.44.28:616][429]LogModuleManager: Shutting down and abandoning module TextureFormatPVR (38)
[2015.02.23-11.44.28:616][429]LogModuleManager: Shutting down and abandoning module TextureFormatDXT (37)
[2015.02.23-11.44.28:616][429]LogModuleManager: Shutting down and abandoning module TextureFormatAndroid (36)
[2015.02.23-11.44.28:616][429]LogModuleManager: Shutting down and abandoning module AudioFormatOpus (35)
[2015.02.23-11.44.28:616][429]LogModuleManager: Shutting down and abandoning module AudioFormatOgg (34)
[2015.02.23-11.44.28:616][429]LogModuleManager: Shutting down and abandoning module AudioFormatADPCM (33)
[2015.02.23-11.44.28:616][429]LogModuleManager: Shutting down and abandoning module Messaging (32)
[2015.02.23-11.44.28:616][429]LogModuleManager: Shutting down and abandoning module IOSTargetPlatform (31)
[2015.02.23-11.44.28:616][429]LogModuleManager: Shutting down and abandoning module Android_PVRTCTargetPlatform (30)
[2015.02.23-11.44.28:616][429]LogModuleManager: Shutting down and abandoning module Android_ETC2TargetPlatform (29)
[2015.02.23-11.44.28:616][429]LogModuleManager: Shutting down and abandoning module Android_ETC1TargetPlatform (28)
[2015.02.23-11.44.28:616][429]LogModuleManager: Shutting down and abandoning module Android_DXTTargetPlatform (27)
[2015.02.23-11.44.28:616][429]LogModuleManager: Shutting down and abandoning module Android_ATCTargetPlatform (26)
[2015.02.23-11.44.28:616][429]LogModuleManager: Shutting down and abandoning module AndroidTargetPlatform (25)
[2015.02.23-11.44.28:616][429]LogModuleManager: Shutting down and abandoning module WindowsTargetPlatform (24)
[2015.02.23-11.44.28:616][429]LogModuleManager: Shutting down and abandoning module WindowsServerTargetPlatform (23)
[2015.02.23-11.44.28:616][429]LogModuleManager: Shutting down and abandoning module WindowsNoEditorTargetPlatform (22)
[2015.02.23-11.44.28:616][429]LogModuleManager: Shutting down and abandoning module WindowsClientTargetPlatform (21)
[2015.02.23-11.44.28:616][429]LogModuleManager: Shutting down and abandoning module TargetPlatform (20)
[2015.02.23-11.44.28:616][429]LogModuleManager: Shutting down and abandoning module InputCore (19)
[2015.02.23-11.44.28:616][429]LogModuleManager: Shutting down and abandoning module Settings (18)
[2015.02.23-11.44.28:616][429]LogModuleManager: Shutting down and abandoning module ImageWrapper (17)
[2015.02.23-11.44.28:616][429]LogModuleManager: Shutting down and abandoning module OculusRift (14)
[2015.02.23-11.44.28:616][429]LogModuleManager: Shutting down and abandoning module ExampleDeviceProfileSelector (13)
[2015.02.23-11.44.28:616][429]LogModuleManager: Shutting down and abandoning module TextureCompressor (12)
[2015.02.23-11.44.28:616][429]LogModuleManager: Shutting down and abandoning module ShaderCore (11)
[2015.02.23-11.44.28:616][429]LogModuleManager: Shutting down and abandoning module SlateRHIRenderer (10)
[2015.02.23-11.44.28:617][429]LogModuleManager: Shutting down and abandoning module OpenGLDrv (9)
[2015.02.23-11.44.28:617][429]LogModuleManager: Shutting down and abandoning module D3D11RHI (8)
[2015.02.23-11.44.28:617][429]LogModuleManager: Shutting down and abandoning module Renderer (7)
[2015.02.23-11.44.28:617][429]LogModuleManager: Shutting down and abandoning module Engine (6)
[2015.02.23-11.44.28:617][429]LogModuleManager: Shutting down and abandoning module CoreUObject (5)
[2015.02.23-11.44.28:617][429]LogModuleManager: Shutting down and abandoning module NetworkFile (4)
[2015.02.23-11.44.28:617][429]LogModuleManager: Shutting down and abandoning module StreamingFile (3)
[2015.02.23-11.44.28:617][429]LogModuleManager: Shutting down and abandoning module SandboxFile (2)
[2015.02.23-11.44.28:617][429]LogModuleManager: Shutting down and abandoning module PakFile (1)
[2015.02.23-11.44.28:618][429]LogExit: Exiting.
[2015.02.23-11.44.28:626][429]Log file closed, 02/23/15 12:44:28
